C:\USERS\ULICES\DOCUMENTS\VISUAL STUDIO 2012\PROJECTS\SISTEMA SOLAR HERENCIA\SISTEMA SOLAR HERENCIA\DEBUG\TIERRA.OBJ
C:\USERS\ULICES\DOCUMENTS\VISUAL STUDIO 2012\PROJECTS\SISTEMA SOLAR HERENCIA\SISTEMA SOLAR HERENCIA\DEBUG\SOL.OBJ
C:\USERS\ULICES\DOCUMENTS\VISUAL STUDIO 2012\PROJECTS\SISTEMA SOLAR HERENCIA\SISTEMA SOLAR HERENCIA\DEBUG\SISTEMASOLAR.OBJ
C:\USERS\ULICES\DOCUMENTS\VISUAL STUDIO 2012\PROJECTS\SISTEMA SOLAR HERENCIA\SISTEMA SOLAR HERENCIA\DEBUG\NAVE.OBJ
C:\USERS\ULICES\DOCUMENTS\VISUAL STUDIO 2012\PROJECTS\SISTEMA SOLAR HERENCIA\SISTEMA SOLAR HERENCIA\DEBUG\LUNA.OBJ
C:\USERS\ULICES\DOCUMENTS\VISUAL STUDIO 2012\PROJECTS\SISTEMA SOLAR HERENCIA\SISTEMA SOLAR HERENCIA\DEBUG\GALAXIA.OBJ
C:\USERS\ULICES\DOCUMENTS\VISUAL STUDIO 2012\PROJECTS\SISTEMA SOLAR HERENCIA\SISTEMA SOLAR HERENCIA\DEBUG\EXPLOSION.OBJ
C:\USERS\ULICES\DOCUMENTS\VISUAL STUDIO 2012\PROJECTS\SISTEMA SOLAR HERENCIA\SISTEMA SOLAR HERENCIA\DEBUG\ESPACIOEXTERIOR.OBJ
C:\USERS\ULICES\DOCUMENTS\VISUAL STUDIO 2012\PROJECTS\SISTEMA SOLAR HERENCIA\SISTEMA SOLAR HERENCIA\DEBUG\BALA.OBJ
C:\USERS\ULICES\DOCUMENTS\VISUAL STUDIO 2012\PROJECTS\SISTEMA SOLAR HERENCIA\SISTEMA SOLAR HERENCIA\DEBUG\ASTEROIDE.OBJ
C:\USERS\ULICES\DOCUMENTS\VISUAL STUDIO 2012\PROJECTS\SISTEMA SOLAR HERENCIA\SISTEMA SOLAR HERENCIA\DEBUG\ARREXPLOSIONES.OBJ
C:\USERS\ULICES\DOCUMENTS\VISUAL STUDIO 2012\PROJECTS\SISTEMA SOLAR HERENCIA\SISTEMA SOLAR HERENCIA\DEBUG\ARRASTEROIDES.OBJ
C:\USERS\WIN7\DOCUMENTS\VISUAL STUDIO 2012\PROJECTS\SISTEMA SOLAR HERENCIA\SISTEMA SOLAR HERENCIA\DEBUG\TIERRA.OBJ
C:\USERS\WIN7\DOCUMENTS\VISUAL STUDIO 2012\PROJECTS\SISTEMA SOLAR HERENCIA\SISTEMA SOLAR HERENCIA\DEBUG\SOL.OBJ
C:\USERS\WIN7\DOCUMENTS\VISUAL STUDIO 2012\PROJECTS\SISTEMA SOLAR HERENCIA\SISTEMA SOLAR HERENCIA\DEBUG\SISTEMASOLAR.OBJ
C:\USERS\WIN7\DOCUMENTS\VISUAL STUDIO 2012\PROJECTS\SISTEMA SOLAR HERENCIA\SISTEMA SOLAR HERENCIA\DEBUG\NAVE.OBJ
C:\USERS\WIN7\DOCUMENTS\VISUAL STUDIO 2012\PROJECTS\SISTEMA SOLAR HERENCIA\SISTEMA SOLAR HERENCIA\DEBUG\LUNA.OBJ
C:\USERS\WIN7\DOCUMENTS\VISUAL STUDIO 2012\PROJECTS\SISTEMA SOLAR HERENCIA\SISTEMA SOLAR HERENCIA\DEBUG\GALAXIA.OBJ
C:\USERS\WIN7\DOCUMENTS\VISUAL STUDIO 2012\PROJECTS\SISTEMA SOLAR HERENCIA\SISTEMA SOLAR HERENCIA\DEBUG\EXPLOSION.OBJ
C:\USERS\WIN7\DOCUMENTS\VISUAL STUDIO 2012\PROJECTS\SISTEMA SOLAR HERENCIA\SISTEMA SOLAR HERENCIA\DEBUG\ESPACIOEXTERIOR.OBJ
C:\USERS\WIN7\DOCUMENTS\VISUAL STUDIO 2012\PROJECTS\SISTEMA SOLAR HERENCIA\SISTEMA SOLAR HERENCIA\DEBUG\BALA.OBJ
C:\USERS\WIN7\DOCUMENTS\VISUAL STUDIO 2012\PROJECTS\SISTEMA SOLAR HERENCIA\SISTEMA SOLAR HERENCIA\DEBUG\ASTEROIDE.OBJ
C:\USERS\WIN7\DOCUMENTS\VISUAL STUDIO 2012\PROJECTS\SISTEMA SOLAR HERENCIA\SISTEMA SOLAR HERENCIA\DEBUG\ARREXPLOSIONES.OBJ
C:\USERS\WIN7\DOCUMENTS\VISUAL STUDIO 2012\PROJECTS\SISTEMA SOLAR HERENCIA\SISTEMA SOLAR HERENCIA\DEBUG\ARRASTEROIDES.OBJ
C:\Users\win7\Documents\Visual Studio 2012\Projects\Sistema Solar Herencia\Sistema Solar Herencia\Debug\Sistema Solar Herencia.vcxprojResolveAssemblyReference.cache
C:\Users\win7\Documents\Visual Studio 2012\Projects\Sistema Solar Herencia\Sistema Solar Herencia\Debug\ArrAsteroides.obj
C:\Users\win7\Documents\Visual Studio 2012\Projects\Sistema Solar Herencia\Sistema Solar Herencia\Debug\ArrExplosiones.obj
C:\Users\win7\Documents\Visual Studio 2012\Projects\Sistema Solar Herencia\Sistema Solar Herencia\Debug\Asteroide.obj
C:\Users\win7\Documents\Visual Studio 2012\Projects\Sistema Solar Herencia\Sistema Solar Herencia\Debug\Bala.obj
C:\Users\win7\Documents\Visual Studio 2012\Projects\Sistema Solar Herencia\Sistema Solar Herencia\Debug\EspacioExterior.obj
C:\Users\win7\Documents\Visual Studio 2012\Projects\Sistema Solar Herencia\Sistema Solar Herencia\Debug\Explosion.obj
C:\Users\win7\Documents\Visual Studio 2012\Projects\Sistema Solar Herencia\Sistema Solar Herencia\Debug\Galaxia.obj
C:\Users\win7\Documents\Visual Studio 2012\Projects\Sistema Solar Herencia\Sistema Solar Herencia\Debug\Luna.obj
C:\Users\win7\Documents\Visual Studio 2012\Projects\Sistema Solar Herencia\Sistema Solar Herencia\Debug\Nave.obj
C:\Users\win7\Documents\Visual Studio 2012\Projects\Sistema Solar Herencia\Sistema Solar Herencia\Debug\SistemaSolar.obj
C:\Users\win7\Documents\Visual Studio 2012\Projects\Sistema Solar Herencia\Sistema Solar Herencia\Debug\Sol.obj
C:\Users\win7\Documents\Visual Studio 2012\Projects\Sistema Solar Herencia\Sistema Solar Herencia\Debug\Tierra.obj
C:\Users\win7\Documents\Visual Studio 2012\Projects\Sistema Solar Herencia\Sistema Solar Herencia\Debug\cl.command.1.tlog
C:\Users\win7\Documents\Visual Studio 2012\Projects\Sistema Solar Herencia\Sistema Solar Herencia\Debug\CL.read.1.tlog
C:\Users\win7\Documents\Visual Studio 2012\Projects\Sistema Solar Herencia\Sistema Solar Herencia\Debug\CL.write.1.tlog
C:\Users\win7\Documents\Visual Studio 2012\Projects\Sistema Solar Herencia\Sistema Solar Herencia\Debug\metagen.write.1.tlog
C:\Users\win7\Documents\Visual Studio 2012\Projects\Sistema Solar Herencia\Sistema Solar Herencia\Debug\vc110.pdb
